<?xml version="1.0" encoding="UTF-8"?>
<!-- Generated by org.testng.reporters.JUnitReportReporter -->
<testsuite hostname="Soumyajit" failures="0" tests="8" name="com.CRM.vTiger1.testNGPractice.Practice1" time="0.039" errors="0" timestamp="2023-09-06T11:47:54 IST" skipped="0">
  <testcase classname="com.CRM.vTiger1.testNGPractice.Practice1" name="narendra" time="0.023">
    <system-out>
      <![CDATA[My Name Is narendra]]>
    </system-out>
  </testcase> <!-- narendra -->
  <testcase classname="com.CRM.vTiger1.testNGPractice.Practice1" name="narendra" time="0.003">
    <system-out>
      <![CDATA[My Name Is narendra]]>
    </system-out>
  </testcase> <!-- narendra -->
  <testcase classname="com.CRM.vTiger1.testNGPractice.Practice1" name="ram" time="0.002">
    <system-out>
      <![CDATA[My Name Is ram]]>
    </system-out>
  </testcase> <!-- ram -->
  <testcase classname="com.CRM.vTiger1.testNGPractice.Practice1" name="maharshi" time="0.003">
    <system-out>
      <![CDATA[My Name Is maharshi]]>
    </system-out>
  </testcase> <!-- maharshi -->
  <testcase classname="com.CRM.vTiger1.testNGPractice.Practice1" name="ankit" time="0.003">
    <system-out>
      <![CDATA[My Name Is narendra]]>
    </system-out>
  </testcase> <!-- ankit -->
  <testcase classname="com.CRM.vTiger1.testNGPractice.Practice1" name="shyam" time="0.002">
    <system-out>
      <![CDATA[My Name Is shyam]]>
    </system-out>
  </testcase> <!-- shyam -->
  <testcase classname="com.CRM.vTiger1.testNGPractice.Practice1" name="ananda" time="0.001">
    <system-out>
      <![CDATA[My Name Is Ananada]]>
    </system-out>
  </testcase> <!-- ananda -->
  <testcase classname="com.CRM.vTiger1.testNGPractice.Practice1" name="ananda" time="0.002">
    <system-out>
      <![CDATA[My Name Is Ananada]]>
    </system-out>
  </testcase> <!-- ananda -->
  <system-out>
    <![CDATA[My Name Is narendra
My Name Is narendra
My Name Is maharshi
My Name Is ram
My Name Is narendra
My Name Is shyam
My Name Is Ananada
My Name Is Ananada]]>
  </system-out>
</testsuite> <!-- com.CRM.vTiger1.testNGPractice.Practice1 -->
