<?xml version="1.0" encoding="UTF-8"?>
<!-- Generated by org.testng.reporters.JUnitReportReporter -->
<testsuite hostname="Soumyajit" failures="0" tests="3" name="com.CRM.vTiger1.practice.DataProviderPractice" time="0.032" errors="0" timestamp="2023-09-09T10:46:13 IST" skipped="0">
  <testcase classname="com.CRM.vTiger1.practice.DataProviderPractice" name="StudentDetails" time="0.002"/>
  <testcase classname="com.CRM.vTiger1.practice.DataProviderPractice" name="StudentDetails" time="0.004"/>
  <testcase classname="com.CRM.vTiger1.practice.DataProviderPractice" name="StudentDetails" time="0.026"/>
</testsuite> <!-- com.CRM.vTiger1.practice.DataProviderPractice -->
