<?xml version="1.0" encoding="UTF-8"?>
<!-- Generated by org.testng.reporters.JUnitReportReporter -->
<testsuite hostname="Soumyajit" failures="0" tests="1" name="com.CRM.vTiger1.contacts.ContactTest" time="34.634" errors="0" timestamp="2023-09-29T20:40:33 IST" skipped="0">
  <testcase classname="com.CRM.vTiger1.contacts.ContactTest" name="verifyContactTest" time="34.634">
    <system-out>
      <![CDATA[Organisation name Validation passed]]>
    </system-out>
  </testcase> <!-- verifyContactTest -->
  <system-out>
    <![CDATA[Organisation name Validation passed]]>
  </system-out>
</testsuite> <!-- com.CRM.vTiger1.contacts.ContactTest -->
