<?xml version="1.0" encoding="UTF-8"?>
<!-- Generated by org.testng.reporters.JUnitReportReporter -->
<testsuite hostname="Soumyajit" failures="0" tests="5" name="com.CRM.vTiger1.organisation.MultipleUserOrganisationTest" time="59.815" errors="0" timestamp="2023-09-29T20:48:00 IST" skipped="0">
  <testcase classname="com.CRM.vTiger1.organisation.MultipleUserOrganisationTest" name="verifyOrganisationTest" time="11.872"/>
  <testcase classname="com.CRM.vTiger1.organisation.MultipleUserOrganisationTest" name="verifyOrganisationTest" time="11.574"/>
  <testcase classname="com.CRM.vTiger1.organisation.MultipleUserOrganisationTest" name="verifyOrganisationTest" time="12.255"/>
  <testcase classname="com.CRM.vTiger1.organisation.MultipleUserOrganisationTest" name="verifyOrganisationTest" time="11.762"/>
  <testcase classname="com.CRM.vTiger1.organisation.MultipleUserOrganisationTest" name="verifyOrganisationTest" time="12.352"/>
</testsuite> <!-- com.CRM.vTiger1.organisation.MultipleUserOrganisationTest -->
