<?xml version="1.0" encoding="UTF-8"?>
<!-- Generated by org.testng.reporters.JUnitReportReporter -->
<testsuite hostname="Soumyajit" failures="0" tests="5" name="com.CRM.vTiger1.organisation.OrganisationTestExcel" time="92.171" errors="0" timestamp="2023-09-21T11:57:29 IST" skipped="0">
  <testcase classname="com.CRM.vTiger1.organisation.OrganisationTestExcel" name="verifyOrganisationTest" time="18.629">
    <system-out>
      <![CDATA[Clicked on Organisation
Organisation name Validation passed]]>
    </system-out>
  </testcase> <!-- verifyOrganisationTest -->
  <testcase classname="com.CRM.vTiger1.organisation.OrganisationTestExcel" name="verifyOrganisationTest" time="18.728">
    <system-out>
      <![CDATA[Clicked on Organisation
Organisation name Validation passed]]>
    </system-out>
  </testcase> <!-- verifyOrganisationTest -->
  <testcase classname="com.CRM.vTiger1.organisation.OrganisationTestExcel" name="verifyOrganisationTest" time="18.235">
    <system-out>
      <![CDATA[Clicked on Organisation
Organisation name Validation passed]]>
    </system-out>
  </testcase> <!-- verifyOrganisationTest -->
  <testcase classname="com.CRM.vTiger1.organisation.OrganisationTestExcel" name="verifyOrganisationTest" time="18.512">
    <system-out>
      <![CDATA[Clicked on Organisation
Organisation name Validation passed]]>
    </system-out>
  </testcase> <!-- verifyOrganisationTest -->
  <testcase classname="com.CRM.vTiger1.organisation.OrganisationTestExcel" name="verifyOrganisationTest" time="18.067">
    <system-out>
      <![CDATA[Clicked on Organisation
Organisation name Validation passed]]>
    </system-out>
  </testcase> <!-- verifyOrganisationTest -->
  <system-out>
    <![CDATA[Clicked on Organisation
Organisation name Validation passed
Clicked on Organisation
Organisation name Validation passed
Clicked on Organisation
Organisation name Validation passed
Clicked on Organisation
Organisation name Validation passed
Clicked on Organisation
Organisation name Validation passed]]>
  </system-out>
</testsuite> <!-- com.CRM.vTiger1.organisation.OrganisationTestExcel -->
