<?xml version="1.0" encoding="UTF-8"?>
<!-- Generated by org.testng.reporters.JUnitReportReporter -->
<testsuite hostname="Soumyajit" failures="0" tests="1" name="com.CRM.vTiger1.organisation.OrganisationTest" time="12.767" errors="0" timestamp="2023-09-29T20:45:25 IST" skipped="0">
  <testcase classname="com.CRM.vTiger1.organisation.OrganisationTest" name="verifyOrganisationTest" time="12.767">
    <system-out>
      <![CDATA[Clicked on Organisation
Organisation name Validation passed]]>
    </system-out>
  </testcase> <!-- verifyOrganisationTest -->
  <system-out>
    <![CDATA[Clicked on Organisation
Organisation name Validation passed]]>
  </system-out>
</testsuite> <!-- com.CRM.vTiger1.organisation.OrganisationTest -->
