<?xml version="1.0" encoding="UTF-8"?>
<!-- Generated by org.testng.reporters.JUnitReportReporter -->
<testsuite hostname="Soumyajit" failures="0" tests="2" name="com.CRM.vTiger1.practice.DataProviderPracticeCalling" time="0.022" errors="0" timestamp="2023-09-09T10:59:17 IST" skipped="0">
  <testcase classname="com.CRM.vTiger1.practice.DataProviderPracticeCalling" name="cllaDataProvider" time="0.019"/>
  <testcase classname="com.CRM.vTiger1.practice.DataProviderPracticeCalling" name="cllaDataProvider" time="0.003"/>
</testsuite> <!-- com.CRM.vTiger1.practice.DataProviderPracticeCalling -->
